<?xml version="1.0" encoding="UTF-8"?>
<!-- Generated by org.testng.reporters.JUnitReportReporter -->
<testsuite hostname="LAPTOP-GBL7CPPC" failures="0" tests="4" name="tests.ListGistTest" time="9.751" errors="0" timestamp="2021-10-24T14:05:27 IST" skipped="0">
  <testcase classname="tests.ListGistTest" name="testListGistWithUsernameForUnAuthenticatedUser" time="2.024"/>
  <system-out/>
  <testcase classname="tests.ListGistTest" name="testListGistForAuthenticatedUser" time="2.443"/>
  <system-out/>
  <testcase classname="tests.ListGistTest" name="testListGistWithUsernameForAuthenticatedUser" time="2.531"/>
  <system-out/>
  <testcase classname="tests.ListGistTest" name="testListGistForUnAuthenticatedUser" time="2.753"/>
  <system-out/>
</testsuite> <!-- tests.ListGistTest -->
