<?xml version="1.0" encoding="UTF-8"?>
<!-- Generated by org.testng.reporters.JUnitReportReporter -->
<testsuite hostname="LAPTOP-GBL7CPPC" failures="0" tests="2" name="tests.CreateGistTest" time="7.089" errors="0" timestamp="2021-10-25T03:16:56 IST" skipped="0">
  <testcase classname="tests.CreateGistTest" name="testCreateGist" time="6.778"/>
  <system-out/>
  <testcase classname="tests.CreateGistTest" name="testCreateGistWithoutAuthentication" time="0.311"/>
  <system-out/>
</testsuite> <!-- tests.CreateGistTest -->
