<?xml version="1.0" encoding="UTF-8"?>
<!-- Generated by org.testng.reporters.JUnitReportReporter -->
<testsuite hostname="LAPTOP-GBL7CPPC" failures="0" tests="1" name="tests.CreateGistTest" time="64.387" errors="0" timestamp="2021-10-24T15:42:10 IST" skipped="0">
  <testcase classname="tests.CreateGistTest" name="testCreateGist" time="64.387"/>
  <system-out/>
</testsuite> <!-- tests.CreateGistTest -->
