<?xml version="1.0" encoding="UTF-8"?>
<!-- Generated by org.testng.reporters.JUnitReportReporter -->
<testsuite hostname="LAPTOP-GBL7CPPC" failures="0" tests="1" name="tests.DeleteGistTest" time="9.423" errors="0" timestamp="2021-10-24T14:43:39 IST" skipped="0">
  <testcase classname="tests.DeleteGistTest" name="testDeleteGist" time="9.423"/>
  <system-out/>
</testsuite> <!-- tests.DeleteGistTest -->
