<?xml version="1.0" encoding="UTF-8"?>
<!-- Generated by org.testng.reporters.JUnitReportReporter -->
<testsuite hostname="LAPTOP-GBL7CPPC" failures="0" tests="1" name="tests.GistAccessibilityTest" time="5.011" errors="0" timestamp="2021-10-25T01:08:46 IST" skipped="0">
  <testcase classname="tests.GistAccessibilityTest" name="testCreateGistWithLargeFileContent" time="5.011"/>
  <system-out/>
</testsuite> <!-- tests.GistAccessibilityTest -->
