<?xml version="1.0" encoding="UTF-8"?>
<!-- Generated by org.testng.reporters.JUnitReportReporter -->
<testsuite hostname="LAPTOP-GBL7CPPC" failures="0" tests="1" name="tests.GistAccessibilityTest" time="9.027" errors="0" timestamp="2021-10-25T03:16:57 IST" skipped="0">
  <testcase classname="tests.GistAccessibilityTest" name="testCreateGistWithLargeFileContent" time="9.027"/>
  <system-out/>
</testsuite> <!-- tests.GistAccessibilityTest -->
