<?xml version="1.0" encoding="UTF-8"?>
<!-- Generated by org.testng.reporters.JUnitReportReporter -->
<testsuite hostname="LAPTOP-GBL7CPPC" failures="0" tests="2" name="tests.CreateGistTest" time="2.842" errors="0" timestamp="2021-10-25T01:08:46 IST" skipped="0">
  <testcase classname="tests.CreateGistTest" name="testCreateGist" time="2.572"/>
  <system-out/>
  <testcase classname="tests.CreateGistTest" name="testCreateGistWithoutAuthentication" time="0.270"/>
  <system-out/>
</testsuite> <!-- tests.CreateGistTest -->
