<?xml version="1.0" encoding="UTF-8"?>
<!-- Generated by org.testng.reporters.JUnitReportReporter -->
<testsuite hostname="LAPTOP-GBL7CPPC" failures="0" tests="2" name="tests.RateLimitTest" time="0.482" errors="0" timestamp="2021-10-25T01:08:46 IST" skipped="0">
  <testcase classname="tests.RateLimitTest" name="testRateLimitForAuthenticatedUser" time="0.441"/>
  <system-out/>
  <testcase classname="tests.RateLimitTest" name="testRateLimitForUnAuthenticatedUser" time="0.041"/>
  <system-out/>
</testsuite> <!-- tests.RateLimitTest -->
