<?xml version="1.0" encoding="UTF-8"?>
<!-- Generated by org.testng.reporters.JUnitReportReporter -->
<testsuite hostname="LAPTOP-GBL7CPPC" failures="0" tests="2" name="tests.RateLimitTest" time="0.799" errors="0" timestamp="2021-10-24T14:05:27 IST" skipped="0">
  <testcase classname="tests.RateLimitTest" name="testRateLimitForAuthenticatedUser" time="0.767"/>
  <system-out/>
  <testcase classname="tests.RateLimitTest" name="testRateLimitForUnAuthenticatedUser" time="0.032"/>
  <system-out/>
</testsuite> <!-- tests.RateLimitTest -->
