<?xml version="1.0" encoding="UTF-8"?>
<!-- Generated by org.testng.reporters.JUnitReportReporter -->
<testsuite hostname="LAPTOP-GBL7CPPC" failures="0" tests="1" name="tests.ReadGistTest" time="1.241" errors="0" timestamp="2021-10-24T14:05:27 IST" skipped="0">
  <testcase classname="tests.ReadGistTest" name="testReadGist" time="1.241"/>
  <system-out/>
</testsuite> <!-- tests.ReadGistTest -->
