<?xml version="1.0" encoding="UTF-8"?>
<!-- Generated by org.testng.reporters.JUnitReportReporter -->
<testsuite hostname="LAPTOP-GBL7CPPC" failures="0" tests="1" name="tests.ListGistTest" time="4.296" errors="0" timestamp="2021-10-24T02:10:40 IST" skipped="0">
  <testcase classname="tests.ListGistTest" name="testListGistWithUsernameForAuthenticatedUser" time="4.296"/>
  <system-out/>
</testsuite> <!-- tests.ListGistTest -->
