<?xml version="1.0" encoding="UTF-8"?>
<!-- Generated by org.testng.reporters.JUnitReportReporter -->
<testsuite hostname="LAPTOP-GBL7CPPC" failures="0" tests="1" name="tests.ListGistTest" time="564.115" errors="0" timestamp="2021-10-25T01:24:45 IST" skipped="0">
  <testcase classname="tests.ListGistTest" name="testListGistForAuthenticatedUser" time="564.115"/>
  <system-out/>
</testsuite> <!-- tests.ListGistTest -->
