<?xml version="1.0" encoding="UTF-8"?>
<!-- Generated by org.testng.reporters.JUnitReportReporter -->
<testsuite hostname="LAPTOP-GBL7CPPC" failures="0" tests="2" name="tests.RateLimitTest" time="2.877" errors="0" timestamp="2021-10-25T03:16:56 IST" skipped="0">
  <testcase classname="tests.RateLimitTest" name="testRateLimitForAuthenticatedUser" time="2.801"/>
  <system-out/>
  <testcase classname="tests.RateLimitTest" name="testRateLimitForUnAuthenticatedUser" time="0.076"/>
  <system-out/>
</testsuite> <!-- tests.RateLimitTest -->
