<?xml version="1.0" encoding="UTF-8"?>
<!-- Generated by org.testng.reporters.JUnitReportReporter -->
<testsuite hostname="LAPTOP-GBL7CPPC" failures="0" tests="4" name="tests.ListGistTest" time="10.125" errors="0" timestamp="2021-10-25T03:16:56 IST" skipped="0">
  <testcase classname="tests.ListGistTest" name="testListGistForAuthenticatedUser" time="2.701"/>
  <system-out/>
  <testcase classname="tests.ListGistTest" name="testListGistForUnAuthenticatedUser" time="2.412"/>
  <system-out/>
  <testcase classname="tests.ListGistTest" name="testListGistWithUsernameForAuthenticatedUser" time="2.709"/>
  <system-out/>
  <testcase classname="tests.ListGistTest" name="testListGistWithUsernameForUnAuthenticatedUser" time="2.303"/>
  <system-out/>
</testsuite> <!-- tests.ListGistTest -->
